# JRE version: Java(TM) SE Runtime Environment (17.0.9+11) (build 17.0.9+11-LTS-201)
# Java VM: Java HotSpot(TM) 64-Bit Server VM (17.0.9+11-LTS-201, mixed mode, sharing, tiered, compressed oops, compressed class ptrs, g1 gc, windows-amd64)
GC Precious Log:
 CPUs: 4 total, 4 available
 Memory: 3511M
 Large Page Support: Disabled
 NUMA Support: Disabled
 Compressed Oops: Enabled (32-bit)
 Heap Region Size: 1M
 Heap Min Capacity: 8M
 Heap Initial Capacity: 56M
 Heap Max Capacity: 878M
 Pre-touch: Disabled
 Parallel Workers: 4
 Concurrent Workers: 1
 Concurrent Refinement Workers: 4
 Periodic GC: Disabled
Heap:
 garbage-first heap   total 71680K, used 43775K [0x00000000c9200000, 0x0000000100000000)
  region size 1024K, 25 young (25600K), 4 survivors (4096K)
 Metaspace       used 56652K, committed 57152K, reserved 1114112K
  class space    used 7804K, committed 8064K, reserved 1048576K
GC Heap History (20 events):
Event: 2.605 GC heap before
{Heap before GC invocations=3 (full 0):
 garbage-first heap   total 57344K, used 34468K [0x00000000c9200000, 0x0000000100000000)
  region size 1024K, 29 young (29696K), 3 survivors (3072K)
 Metaspace       used 17381K, committed 17664K, reserved 1114112K
  class space    used 2126K, committed 2240K, reserved 1048576K
}
Event: 2.614 GC heap after
{Heap after GC invocations=4 (full 0):
 garbage-first heap   total 57344K, used 11231K [0x00000000c9200000, 0x0000000100000000)
  region size 1024K, 4 young (4096K), 4 survivors (4096K)
 Metaspace       used 17381K, committed 17664K, reserved 1114112K
  class space    used 2126K, committed 2240K, reserved 1048576K
}
Event: 3.881 GC heap before
{Heap before GC invocations=4 (full 0):
 garbage-first heap   total 57344K, used 38879K [0x00000000c9200000, 0x0000000100000000)
  region size 1024K, 31 young (31744K), 4 survivors (4096K)
 Metaspace       used 21094K, committed 21376K, reserved 1114112K
  class space    used 2608K, committed 2752K, reserved 1048576K
}
Event: 3.894 GC heap after
{Heap after GC invocations=5 (full 0):
 garbage-first heap   total 57344K, used 13162K [0x00000000c9200000, 0x0000000100000000)
  region size 1024K, 3 young (3072K), 3 survivors (3072K)
 Metaspace       used 21094K, committed 21376K, reserved 1114112K
  class space    used 2608K, committed 2752K, reserved 1048576K
}
Event: 3.938 GC heap before
{Heap before GC invocations=5 (full 0):
 garbage-first heap   total 57344K, used 14186K [0x00000000c9200000, 0x0000000100000000)
  region size 1024K, 5 young (5120K), 3 survivors (3072K)
 Metaspace       used 21278K, committed 21504K, reserved 1114112K
  class space    used 2636K, committed 2752K, reserved 1048576K
}
Event: 3.945 GC heap after
{Heap after GC invocations=6 (full 0):
 garbage-first heap   total 57344K, used 13607K [0x00000000c9200000, 0x0000000100000000)
  region size 1024K, 1 young (1024K), 1 survivors (1024K)
 Metaspace       used 21278K, committed 21504K, reserved 1114112K
  class space    used 2636K, committed 2752K, reserved 1048576K
}
Event: 5.133 GC heap before
{Heap before GC invocations=7 (full 0):
 garbage-first heap   total 51200K, used 40231K [0x00000000c9200000, 0x0000000100000000)
  region size 1024K, 27 young (27648K), 1 survivors (1024K)
 Metaspace       used 27079K, committed 27456K, reserved 1114112K
  class space    used 3421K, committed 3584K, reserved 1048576K
}
Event: 5.144 GC heap after
{Heap after GC invocations=8 (full 0):
 garbage-first heap   total 51200K, used 16189K [0x00000000c9200000, 0x0000000100000000)
  region size 1024K, 3 young (3072K), 3 survivors (3072K)
 Metaspace       used 27079K, committed 27456K, reserved 1114112K
  class space    used 3421K, committed 3584K, reserved 1048576K
}
Event: 5.180 GC heap before
{Heap before GC invocations=8 (full 0):
 garbage-first heap   total 51200K, used 17213K [0x00000000c9200000, 0x0000000100000000)
  region size 1024K, 4 young (4096K), 3 survivors (3072K)
 Metaspace       used 27259K, committed 27584K, reserved 1114112K
  class space    used 3446K, committed 3584K, reserved 1048576K
}
Event: 5.190 GC heap after
{Heap after GC invocations=9 (full 0):
 garbage-first heap   total 51200K, used 16230K [0x00000000c9200000, 0x0000000100000000)
  region size 1024K, 1 young (1024K), 1 survivors (1024K)
 Metaspace       used 27259K, committed 27584K, reserved 1114112K
  class space    used 3446K, committed 3584K, reserved 1048576K
}
Event: 5.722 GC heap before
{Heap before GC invocations=9 (full 0):
 garbage-first heap   total 51200K, used 36710K [0x00000000c9200000, 0x0000000100000000)
  region size 1024K, 21 young (21504K), 1 survivors (1024K)
 Metaspace       used 31617K, committed 32000K, reserved 1114112K
  class space    used 4082K, committed 4288K, reserved 1048576K
}
Event: 5.726 GC heap after
{Heap after GC invocations=10 (full 0):
 garbage-first heap   total 87040K, used 16969K [0x00000000c9200000, 0x0000000100000000)
  region size 1024K, 2 young (2048K), 2 survivors (2048K)
 Metaspace       used 31617K, committed 32000K, reserved 1114112K
  class space    used 4082K, committed 4288K, reserved 1048576K
}
Event: 6.273 GC heap before
{Heap before GC invocations=10 (full 0):
 garbage-first heap   total 87040K, used 31305K [0x00000000c9200000, 0x0000000100000000)
  region size 1024K, 17 young (17408K), 2 survivors (2048K)
 Metaspace       used 35770K, committed 36160K, reserved 1114112K
  class space    used 4689K, committed 4864K, reserved 1048576K
}
Event: 6.278 GC heap after
{Heap after GC invocations=11 (full 0):
 garbage-first heap   total 87040K, used 17901K [0x00000000c9200000, 0x0000000100000000)
  region size 1024K, 3 young (3072K), 3 survivors (3072K)
 Metaspace       used 35770K, committed 36160K, reserved 1114112K
  class space    used 4689K, committed 4864K, reserved 1048576K
}
Event: 7.648 GC heap before
{Heap before GC invocations=12 (full 0):
 garbage-first heap   total 71680K, used 56813K [0x00000000c9200000, 0x0000000100000000)
  region size 1024K, 42 young (43008K), 3 survivors (3072K)
 Metaspace       used 46909K, committed 47360K, reserved 1114112K
  class space    used 6398K, committed 6656K, reserved 1048576K
}
Event: 7.655 GC heap after
{Heap after GC invocations=13 (full 0):
 garbage-first heap   total 71680K, used 20116K [0x00000000c9200000, 0x0000000100000000)
  region size 1024K, 5 young (5120K), 5 survivors (5120K)
 Metaspace       used 46909K, committed 47360K, reserved 1114112K
  class space    used 6398K, committed 6656K, reserved 1048576K
}
Event: 7.685 GC heap before
{Heap before GC invocations=13 (full 0):
 garbage-first heap   total 71680K, used 21140K [0x00000000c9200000, 0x0000000100000000)
  region size 1024K, 6 young (6144K), 5 survivors (5120K)
 Metaspace       used 47232K, committed 47744K, reserved 1114112K
  class space    used 6450K, committed 6720K, reserved 1048576K
}
Event: 7.692 GC heap after
{Heap after GC invocations=14 (full 0):
 garbage-first heap   total 71680K, used 20747K [0x00000000c9200000, 0x0000000100000000)
  region size 1024K, 1 young (1024K), 1 survivors (1024K)
 Metaspace       used 47232K, committed 47744K, reserved 1114112K
  class space    used 6450K, committed 6720K, reserved 1048576K
}
Event: 8.548 GC heap before
{Heap before GC invocations=14 (full 0):
 garbage-first heap   total 71680K, used 55563K [0x00000000c9200000, 0x0000000100000000)
  region size 1024K, 35 young (35840K), 1 survivors (1024K)
 Metaspace       used 54543K, committed 55104K, reserved 1114112K
  class space    used 7476K, committed 7744K, reserved 1048576K
}
Event: 8.554 GC heap after
{Heap after GC invocations=15 (full 0):
 garbage-first heap   total 71680K, used 23295K [0x00000000c9200000, 0x0000000100000000)
  region size 1024K, 4 young (4096K), 4 survivors (4096K)
 Metaspace       used 54543K, committed 55104K, reserved 1114112K
  class space    used 7476K, committed 7744K, reserved 1048576K
}

