# JRE version: Java(TM) SE Runtime Environment (17.0.9+11) (build 17.0.9+11-LTS-201)
# Java VM: Java HotSpot(TM) 64-Bit Server VM (17.0.9+11-LTS-201, mixed mode, sharing, tiered, compressed oops, compressed class ptrs, g1 gc, windows-amd64)
GC Precious Log:
 CPUs: 4 total, 4 available
 Memory: 3511M
 Large Page Support: Disabled
 NUMA Support: Disabled
 Compressed Oops: Enabled (32-bit)
 Heap Region Size: 1M
 Heap Min Capacity: 8M
 Heap Initial Capacity: 56M
 Heap Max Capacity: 878M
 Pre-touch: Disabled
 Parallel Workers: 4
 Concurrent Workers: 1
 Concurrent Refinement Workers: 4
 Periodic GC: Disabled
Heap:
 garbage-first heap   total 61440K, used 36894K [0x00000000c9200000, 0x0000000100000000)
  region size 1024K, 14 young (14336K), 1 survivors (1024K)
 Metaspace       used 57114K, committed 57728K, reserved 1114112K
  class space    used 7848K, committed 8128K, reserved 1048576K
GC Heap History (20 events):
Event: 4.022 GC heap before
{Heap before GC invocations=5 (full 0):
 garbage-first heap   total 57344K, used 15333K [0x00000000c9200000, 0x0000000100000000)
  region size 1024K, 6 young (6144K), 3 survivors (3072K)
 Metaspace       used 21278K, committed 21504K, reserved 1114112K
  class space    used 2635K, committed 2752K, reserved 1048576K
}
Event: 4.028 GC heap after
{Heap after GC invocations=6 (full 0):
 garbage-first heap   total 57344K, used 13415K [0x00000000c9200000, 0x0000000100000000)
  region size 1024K, 3 young (3072K), 3 survivors (3072K)
 Metaspace       used 21278K, committed 21504K, reserved 1114112K
  class space    used 2635K, committed 2752K, reserved 1048576K
}
Event: 5.316 GC heap before
{Heap before GC invocations=7 (full 0):
 garbage-first heap   total 51200K, used 40039K [0x00000000c9200000, 0x0000000100000000)
  region size 1024K, 30 young (30720K), 3 survivors (3072K)
 Metaspace       used 27250K, committed 27648K, reserved 1114112K
  class space    used 3444K, committed 3584K, reserved 1048576K
}
Event: 5.330 GC heap after
{Heap after GC invocations=8 (full 0):
 garbage-first heap   total 51200K, used 16177K [0x00000000c9200000, 0x0000000100000000)
  region size 1024K, 4 young (4096K), 4 survivors (4096K)
 Metaspace       used 27250K, committed 27648K, reserved 1114112K
  class space    used 3444K, committed 3584K, reserved 1048576K
}
Event: 5.380 GC heap before
{Heap before GC invocations=8 (full 0):
 garbage-first heap   total 51200K, used 16177K [0x00000000c9200000, 0x0000000100000000)
  region size 1024K, 5 young (5120K), 4 survivors (4096K)
 Metaspace       used 27385K, committed 27776K, reserved 1114112K
  class space    used 3470K, committed 3648K, reserved 1048576K
}
Event: 5.388 GC heap after
{Heap after GC invocations=9 (full 0):
 garbage-first heap   total 61440K, used 16385K [0x00000000c9200000, 0x0000000100000000)
  region size 1024K, 1 young (1024K), 1 survivors (1024K)
 Metaspace       used 27385K, committed 27776K, reserved 1114112K
  class space    used 3470K, committed 3648K, reserved 1048576K
}
Event: 7.078 GC heap before
{Heap before GC invocations=9 (full 0):
 garbage-first heap   total 61440K, used 43009K [0x00000000c9200000, 0x0000000100000000)
  region size 1024K, 28 young (28672K), 1 survivors (1024K)
 Metaspace       used 33512K, committed 33984K, reserved 1114112K
  class space    used 4403K, committed 4608K, reserved 1048576K
}
Event: 7.083 GC heap after
{Heap after GC invocations=10 (full 0):
 garbage-first heap   total 61440K, used 17385K [0x00000000c9200000, 0x0000000100000000)
  region size 1024K, 2 young (2048K), 2 survivors (2048K)
 Metaspace       used 33512K, committed 33984K, reserved 1114112K
  class space    used 4403K, committed 4608K, reserved 1048576K
}
Event: 7.647 GC heap before
{Heap before GC invocations=10 (full 0):
 garbage-first heap   total 61440K, used 23529K [0x00000000c9200000, 0x0000000100000000)
  region size 1024K, 9 young (9216K), 2 survivors (2048K)
 Metaspace       used 35727K, committed 36096K, reserved 1114112K
  class space    used 4682K, committed 4864K, reserved 1048576K
}
Event: 7.650 GC heap after
{Heap after GC invocations=11 (full 0):
 garbage-first heap   total 61440K, used 17931K [0x00000000c9200000, 0x0000000100000000)
  region size 1024K, 3 young (3072K), 3 survivors (3072K)
 Metaspace       used 35727K, committed 36096K, reserved 1114112K
  class space    used 4682K, committed 4864K, reserved 1048576K
}
Event: 9.201 GC heap before
{Heap before GC invocations=12 (full 0):
 garbage-first heap   total 61440K, used 46603K [0x00000000c9200000, 0x0000000100000000)
  region size 1024K, 31 young (31744K), 3 survivors (3072K)
 Metaspace       used 43568K, committed 44096K, reserved 1114112K
  class space    used 5842K, committed 6080K, reserved 1048576K
}
Event: 9.209 GC heap after
{Heap after GC invocations=13 (full 0):
 garbage-first heap   total 61440K, used 19710K [0x00000000c9200000, 0x0000000100000000)
  region size 1024K, 4 young (4096K), 4 survivors (4096K)
 Metaspace       used 43568K, committed 44096K, reserved 1114112K
  class space    used 5842K, committed 6080K, reserved 1048576K
}
Event: 9.329 GC heap before
{Heap before GC invocations=13 (full 0):
 garbage-first heap   total 61440K, used 20734K [0x00000000c9200000, 0x0000000100000000)
  region size 1024K, 5 young (5120K), 4 survivors (4096K)
 Metaspace       used 44236K, committed 44736K, reserved 1114112K
  class space    used 5901K, committed 6144K, reserved 1048576K
}
Event: 9.340 GC heap after
{Heap after GC invocations=14 (full 0):
 garbage-first heap   total 61440K, used 20093K [0x00000000c9200000, 0x0000000100000000)
  region size 1024K, 1 young (1024K), 1 survivors (1024K)
 Metaspace       used 44236K, committed 44736K, reserved 1114112K
  class space    used 5901K, committed 6144K, reserved 1048576K
}
Event: 10.720 GC heap before
{Heap before GC invocations=14 (full 0):
 garbage-first heap   total 61440K, used 47741K [0x00000000c9200000, 0x0000000100000000)
  region size 1024K, 28 young (28672K), 1 survivors (1024K)
 Metaspace       used 50744K, committed 51264K, reserved 1114112K
  class space    used 6929K, committed 7168K, reserved 1048576K
}
Event: 10.723 GC heap after
{Heap after GC invocations=15 (full 0):
 garbage-first heap   total 61440K, used 21317K [0x00000000c9200000, 0x0000000100000000)
  region size 1024K, 2 young (2048K), 2 survivors (2048K)
 Metaspace       used 50744K, committed 51264K, reserved 1114112K
  class space    used 6929K, committed 7168K, reserved 1048576K
}
Event: 12.673 GC heap before
{Heap before GC invocations=16 (full 0):
 garbage-first heap   total 61440K, used 48965K [0x00000000c9200000, 0x0000000100000000)
  region size 1024K, 29 young (29696K), 2 survivors (2048K)
 Metaspace       used 54912K, committed 55424K, reserved 1114112K
  class space    used 7576K, committed 7808K, reserved 1048576K
}
Event: 12.681 GC heap after
{Heap after GC invocations=17 (full 0):
 garbage-first heap   total 61440K, used 24053K [0x00000000c9200000, 0x0000000100000000)
  region size 1024K, 4 young (4096K), 4 survivors (4096K)
 Metaspace       used 54912K, committed 55424K, reserved 1114112K
  class space    used 7576K, committed 7808K, reserved 1048576K
}
Event: 12.748 GC heap before
{Heap before GC invocations=17 (full 0):
 garbage-first heap   total 61440K, used 25077K [0x00000000c9200000, 0x0000000100000000)
  region size 1024K, 5 young (5120K), 4 survivors (4096K)
 Metaspace       used 55142K, committed 55616K, reserved 1114112K
  class space    used 7604K, committed 7808K, reserved 1048576K
}
Event: 12.755 GC heap after
{Heap after GC invocations=18 (full 0):
 garbage-first heap   total 61440K, used 24606K [0x00000000c9200000, 0x0000000100000000)
  region size 1024K, 1 young (1024K), 1 survivors (1024K)
 Metaspace       used 55142K, committed 55616K, reserved 1114112K
  class space    used 7604K, committed 7808K, reserved 1048576K
}

